D:\USERS\Настя\DESKTOP\VS2010\Контруирование ПЗ\LR_7\DEBUG\LR_7.EXE
D:\USERS\Настя\DESKTOP\VS2010\Контруирование ПЗ\LR_7\DEBUG\LR_7.ILK
D:\USERS\НАСТЯ\DESKTOP\VS2010\КОНТРУИРОВАНИЕ ПЗ\LR_7\DEBUG\LR_7.PDB
D:\USERS\Настя\DESKTOP\VS2010\Контруирование ПЗ\LR_7\LR_7\DEBUG\.NETFRAMEWORK,VERSION=V4.0.ASSEMBLYATTRIBUTES.OBJ
D:\USERS\Настя\DESKTOP\VS2010\Контруирование ПЗ\LR_7\LR_7\DEBUG\APP.RES
D:\USERS\Настя\DESKTOP\VS2010\Контруирование ПЗ\LR_7\LR_7\DEBUG\ASSEMBLYINFO.OBJ
d:\Users\Настя\Desktop\VS2010\Контруирование ПЗ\LR_7\LR_7\Debug\cl.command.1.tlog
d:\Users\Настя\Desktop\VS2010\Контруирование ПЗ\LR_7\LR_7\Debug\CL.read.1.tlog
d:\Users\Настя\Desktop\VS2010\Контруирование ПЗ\LR_7\LR_7\Debug\CL.write.1.tlog
D:\USERS\НАСТЯ\DESKTOP\VS2010\КОНТРУИРОВАНИЕ ПЗ\LR_7\LR_7\DEBUG\FIGURE.OBJ
D:\USERS\Настя\DESKTOP\VS2010\Контруирование ПЗ\LR_7\LR_7\DEBUG\FORM2.OBJ
D:\USERS\Настя\DESKTOP\VS2010\Контруирование ПЗ\LR_7\LR_7\DEBUG\FORM3.OBJ
D:\USERS\Настя\DESKTOP\VS2010\Контруирование ПЗ\LR_7\LR_7\DEBUG\FORM4.OBJ
d:\Users\Настя\Desktop\VS2010\Контруирование ПЗ\LR_7\LR_7\Debug\link.1996.read.1.tlog
d:\Users\Настя\Desktop\VS2010\Контруирование ПЗ\LR_7\LR_7\Debug\link.1996.write.1.tlog
d:\Users\Настя\Desktop\VS2010\Контруирование ПЗ\LR_7\LR_7\Debug\link.1996-cvtres.read.1.tlog
d:\Users\Настя\Desktop\VS2010\Контруирование ПЗ\LR_7\LR_7\Debug\link.1996-cvtres.write.1.tlog
d:\Users\Настя\Desktop\VS2010\Контруирование ПЗ\LR_7\LR_7\Debug\link.2472.read.1.tlog
d:\Users\Настя\Desktop\VS2010\Контруирование ПЗ\LR_7\LR_7\Debug\link.2472.write.1.tlog
d:\Users\Настя\Desktop\VS2010\Контруирование ПЗ\LR_7\LR_7\Debug\link.2472-cvtres.read.1.tlog
d:\Users\Настя\Desktop\VS2010\Контруирование ПЗ\LR_7\LR_7\Debug\link.2472-cvtres.write.1.tlog
d:\Users\Настя\Desktop\VS2010\Контруирование ПЗ\LR_7\LR_7\Debug\link.2972.read.1.tlog
d:\Users\Настя\Desktop\VS2010\Контруирование ПЗ\LR_7\LR_7\Debug\link.2972.write.1.tlog
d:\Users\Настя\Desktop\VS2010\Контруирование ПЗ\LR_7\LR_7\Debug\link.2972-cvtres.read.1.tlog
d:\Users\Настя\Desktop\VS2010\Контруирование ПЗ\LR_7\LR_7\Debug\link.2972-cvtres.write.1.tlog
d:\Users\Настя\Desktop\VS2010\Контруирование ПЗ\LR_7\LR_7\Debug\link.2976.read.1.tlog
d:\Users\Настя\Desktop\VS2010\Контруирование ПЗ\LR_7\LR_7\Debug\link.2976.write.1.tlog
d:\Users\Настя\Desktop\VS2010\Контруирование ПЗ\LR_7\LR_7\Debug\link.2976-cvtres.read.1.tlog
d:\Users\Настя\Desktop\VS2010\Контруирование ПЗ\LR_7\LR_7\Debug\link.2976-cvtres.write.1.tlog
d:\Users\Настя\Desktop\VS2010\Контруирование ПЗ\LR_7\LR_7\Debug\link.3144.read.1.tlog
d:\Users\Настя\Desktop\VS2010\Контруирование ПЗ\LR_7\LR_7\Debug\link.3144.write.1.tlog
d:\Users\Настя\Desktop\VS2010\Контруирование ПЗ\LR_7\LR_7\Debug\link.3144-cvtres.read.1.tlog
d:\Users\Настя\Desktop\VS2010\Контруирование ПЗ\LR_7\LR_7\Debug\link.3144-cvtres.write.1.tlog
d:\Users\Настя\Desktop\VS2010\Контруирование ПЗ\LR_7\LR_7\Debug\link.3152.read.1.tlog
d:\Users\Настя\Desktop\VS2010\Контруирование ПЗ\LR_7\LR_7\Debug\link.3152.write.1.tlog
d:\Users\Настя\Desktop\VS2010\Контруирование ПЗ\LR_7\LR_7\Debug\link.3152-cvtres.read.1.tlog
d:\Users\Настя\Desktop\VS2010\Контруирование ПЗ\LR_7\LR_7\Debug\link.3152-cvtres.write.1.tlog
d:\Users\Настя\Desktop\VS2010\Контруирование ПЗ\LR_7\LR_7\Debug\link.3832.read.1.tlog
d:\Users\Настя\Desktop\VS2010\Контруирование ПЗ\LR_7\LR_7\Debug\link.3832.write.1.tlog
d:\Users\Настя\Desktop\VS2010\Контруирование ПЗ\LR_7\LR_7\Debug\link.3832-cvtres.read.1.tlog
d:\Users\Настя\Desktop\VS2010\Контруирование ПЗ\LR_7\LR_7\Debug\link.3832-cvtres.write.1.tlog
d:\Users\Настя\Desktop\VS2010\Контруирование ПЗ\LR_7\LR_7\Debug\link.3888.read.1.tlog
d:\Users\Настя\Desktop\VS2010\Контруирование ПЗ\LR_7\LR_7\Debug\link.3888.write.1.tlog
d:\Users\Настя\Desktop\VS2010\Контруирование ПЗ\LR_7\LR_7\Debug\link.3888-cvtres.read.1.tlog
d:\Users\Настя\Desktop\VS2010\Контруирование ПЗ\LR_7\LR_7\Debug\link.3888-cvtres.write.1.tlog
d:\Users\Настя\Desktop\VS2010\Контруирование ПЗ\LR_7\LR_7\Debug\link.command.1.tlog
d:\Users\Настя\Desktop\VS2010\Контруирование ПЗ\LR_7\LR_7\Debug\link.read.1.tlog
d:\Users\Настя\Desktop\VS2010\Контруирование ПЗ\LR_7\LR_7\Debug\link.write.1.tlog
D:\USERS\Настя\DESKTOP\VS2010\Контруирование ПЗ\LR_7\LR_7\DEBUG\LR_7.EXE.INTERMEDIATE.MANIFEST
d:\Users\Настя\Desktop\VS2010\Контруирование ПЗ\LR_7\LR_7\Debug\LR_7.Form1.resources
d:\Users\Настя\Desktop\VS2010\Контруирование ПЗ\LR_7\LR_7\Debug\LR_7.Form2.resources
d:\Users\Настя\Desktop\VS2010\Контруирование ПЗ\LR_7\LR_7\Debug\LR_7.Form3.resources
d:\Users\Настя\Desktop\VS2010\Контруирование ПЗ\LR_7\LR_7\Debug\LR_7.Form4.resources
D:\USERS\Настя\DESKTOP\VS2010\Контруирование ПЗ\LR_7\LR_7\DEBUG\LR_7.OBJ
D:\USERS\Настя\DESKTOP\VS2010\Контруирование ПЗ\LR_7\LR_7\DEBUG\LR_7.PCH
d:\Users\Настя\Desktop\VS2010\Контруирование ПЗ\LR_7\LR_7\Debug\LR_7.vcxproj.GenerateResource.Cache
d:\Users\Настя\Desktop\VS2010\Контруирование ПЗ\LR_7\LR_7\Debug\LR_7.write.1.tlog
d:\Users\Настя\Desktop\VS2010\Контруирование ПЗ\LR_7\LR_7\Debug\metagen.read.1.tlog
D:\USERS\НАСТЯ\DESKTOP\VS2010\КОНТРУИРОВАНИЕ ПЗ\LR_7\LR_7\DEBUG\METAGEN.WRITE.1.TLOG
d:\Users\Настя\Desktop\VS2010\Контруирование ПЗ\LR_7\LR_7\Debug\MICROSOFT.VISUALBASIC.POWERPACKS.VS.DLL.metagen
d:\Users\Настя\Desktop\VS2010\Контруирование ПЗ\LR_7\LR_7\Debug\mt.command.1.tlog
d:\Users\Настя\Desktop\VS2010\Контруирование ПЗ\LR_7\LR_7\Debug\mt.read.1.tlog
d:\Users\Настя\Desktop\VS2010\Контруирование ПЗ\LR_7\LR_7\Debug\mt.write.1.tlog
d:\Users\Настя\Desktop\VS2010\Контруирование ПЗ\LR_7\LR_7\Debug\rc.command.1.tlog
d:\Users\Настя\Desktop\VS2010\Контруирование ПЗ\LR_7\LR_7\Debug\rc.read.1.tlog
d:\Users\Настя\Desktop\VS2010\Контруирование ПЗ\LR_7\LR_7\Debug\rc.write.1.tlog
D:\USERS\Настя\DESKTOP\VS2010\Контруирование ПЗ\LR_7\LR_7\DEBUG\STDAFX.OBJ
D:\USERS\НАСТЯ\DESKTOP\VS2010\КОНТРУИРОВАНИЕ ПЗ\LR_7\LR_7\DEBUG\VC100.PDB
